<?xml version="1.0" encoding="UTF-8"?>
<testsuites>
  <testsuite name="Exporting to txt, pdf, rtf, and docx" timestamp="2024-11-12T03:38:25Z" hostname="8511747bfc6e" tests="8" skipped="0" failures="0" errors="0" time="3.872">
    <testcase time="0.664" classname="Exporting_to_txt_pdf_rtf_and_docx" name="export_as_txt_works_with_and_without_pagination"/>
    <testcase time="0.17" classname="Exporting_to_txt_pdf_rtf_and_docx" name="export_as_txt_works_with_and_without_pagination"/>
    <testcase time="0.0820000000000001" classname="Exporting_to_txt_pdf_rtf_and_docx" name="path_enriched_df_works_for_tables_with_a_column_that_has_all_length_1_elements"/>
    <testcase time="1.702" classname="Exporting_to_txt_pdf_rtf_and_docx" name="export_as_doc_works_thanks_to_tt_to_flextable"/>
    <testcase time="0.22" classname="Exporting_to_txt_pdf_rtf_and_docx" name="export_as_doc_works_thanks_to_tt_to_flextable"/>
    <testcase time="0.748" classname="Exporting_to_txt_pdf_rtf_and_docx" name="export_as_doc_works_thanks_to_tt_to_flextable"/>
    <testcase time="0.00300000000000011" classname="Exporting_to_txt_pdf_rtf_and_docx" name="export_as_doc_works_thanks_to_tt_to_flextable"/>
    <testcase time="0.283" classname="Exporting_to_txt_pdf_rtf_and_docx" name="export_as_doc_produces_a_warning_if_manual_column_widths_are_used"/>
  </testsuite>
  <testsuite name="tt_as_flextable" timestamp="2024-11-12T03:38:29Z" hostname="8511747bfc6e" tests="12" skipped="1" failures="0" errors="0" time="5.046">
    <testcase time="1.166" classname="tt_as_flextable" name="Can_create_flextable_object_that_works_with_different_styles"/>
    <testcase time="0.434" classname="tt_as_flextable" name="Can_create_flextable_object_that_works_with_different_styles"/>
    <testcase time="0.434" classname="tt_as_flextable" name="Can_create_flextable_object_that_works_with_different_styles"/>
    <testcase time="0.912" classname="tt_as_flextable" name="Can_create_flextable_object_that_works_with_different_styles"/>
    <testcase time="0.00100000000000033" classname="tt_as_flextable" name="Can_create_flextable_object_that_works_with_different_styles"/>
    <testcase time="0.00199999999999978" classname="tt_as_flextable" name="Can_create_flextable_object_that_works_with_different_styles"/>
    <testcase time="0.00400000000000045" classname="tt_as_flextable" name="Can_create_flextable_object_that_works_with_different_styles"/>
    <testcase time="0.813" classname="tt_as_flextable" name="tt_to_flextable_does_not_create_different_cells_when_colcounts_or_multiple_on_different_lines"/>
    <testcase time="0.491" classname="tt_as_flextable" name="check_titles_bold_and_html_theme"/>
    <testcase time="0.281000000000001" classname="tt_as_flextable" name="check_titles_bold_and_html_theme"/>
    <testcase time="0.292999999999999" classname="tt_as_flextable" name="check_titles_bold_and_html_theme"/>
    <testcase time="0.215" classname="tt_as_flextable" name="check_pagination">
      <skipped message="Reason: empty test ('test-tt_as_flextable.R:117:1')"/>
    </testcase>
  </testsuite>
</testsuites>
