<?xml version="1.0" encoding="UTF-8"?>
<testsuites>
  <testsuite name="as_flextable" timestamp="2024-11-26T09:49:35Z" hostname="c016a4b3ea7c" tests="14" skipped="0" failures="0" errors="0" time="7.217">
    <testcase time="1.129" classname="as_flextable" name="Can_create_flextable_object_that_works_with_different_styles"/>
    <testcase time="0.392" classname="as_flextable" name="Can_create_flextable_object_that_works_with_different_styles"/>
    <testcase time="0.425" classname="as_flextable" name="Can_create_flextable_object_that_works_with_different_styles"/>
    <testcase time="0.432" classname="as_flextable" name="Can_create_flextable_object_that_works_with_different_styles"/>
    <testcase time="0.924" classname="as_flextable" name="Can_create_flextable_object_that_works_with_different_styles"/>
    <testcase time="0.00199999999999978" classname="as_flextable" name="Can_create_flextable_object_that_works_with_different_styles"/>
    <testcase time="0.00300000000000011" classname="as_flextable" name="Can_create_flextable_object_that_works_with_different_styles"/>
    <testcase time="0.728" classname="as_flextable" name="tt_to_flextable_does_not_create_different_cells_when_colcounts_or_multiple_on_different_lines"/>
    <testcase time="0.525" classname="as_flextable" name="check_titles_bold_and_html_theme"/>
    <testcase time="0.3" classname="as_flextable" name="check_titles_bold_and_html_theme"/>
    <testcase time="0.302" classname="as_flextable" name="check_titles_bold_and_html_theme"/>
    <testcase time="1.501" classname="as_flextable" name="check_pagination"/>
    <testcase time="0.00299999999999923" classname="as_flextable" name="check_pagination"/>
    <testcase time="0.551000000000001" classname="as_flextable" name="check_colwidths_in_flextable_object"/>
  </testsuite>
  <testsuite name="export_as_docx" timestamp="2024-11-26T09:49:42Z" hostname="c016a4b3ea7c" tests="5" skipped="0" failures="0" errors="0" time="2.964">
    <testcase time="1.709" classname="export_as_docx" name="export_as_docx_works_thanks_to_tt_to_flextable"/>
    <testcase time="0.222" classname="export_as_docx" name="export_as_docx_works_thanks_to_tt_to_flextable"/>
    <testcase time="0.744000000000002" classname="export_as_docx" name="export_as_docx_works_thanks_to_tt_to_flextable"/>
    <testcase time="0.00300000000000011" classname="export_as_docx" name="export_as_docx_works_thanks_to_tt_to_flextable"/>
    <testcase time="0.286" classname="export_as_docx" name="export_as_docx_produces_a_warning_if_manual_column_widths_are_used"/>
  </testsuite>
</testsuites>
