<?xml version="1.0" encoding="UTF-8"?>
<testsuites>
  <testsuite name="add_flextable_separators" timestamp="2025-09-17T06:22:13Z" hostname="4faf68ef9251" tests="16" skipped="0" failures="0" errors="0" time="0.208">
    <testcase time="0.0539999999999998" classname="add_flextable_separators" name="Errors_are_thrown_for_invalid_inputs_and_values"/>
    <testcase time="0.024" classname="add_flextable_separators" name="Errors_are_thrown_for_invalid_inputs_and_values"/>
    <testcase time="0.0190000000000001" classname="add_flextable_separators" name="Errors_are_thrown_for_invalid_inputs_and_values"/>
    <testcase time="0.00499999999999989" classname="add_flextable_separators" name="Errors_are_thrown_for_invalid_inputs_and_values"/>
    <testcase time="0.0310000000000001" classname="add_flextable_separators" name="Separator_successfully_applies_hline"/>
    <testcase time="0.00099999999999989" classname="add_flextable_separators" name="Separator_successfully_applies_hline"/>
    <testcase time="0.004" classname="add_flextable_separators" name="Separator_successfully_applies_hline"/>
    <testcase time="0.00299999999999989" classname="add_flextable_separators" name="Separator_successfully_applies_hline"/>
    <testcase time="0.002" classname="add_flextable_separators" name="Separator_successfully_applies_hline"/>
    <testcase time="0.0250000000000001" classname="add_flextable_separators" name="Separator_successfully_applies_padding"/>
    <testcase time="0.00099999999999989" classname="add_flextable_separators" name="Separator_successfully_applies_padding"/>
    <testcase time="0.00300000000000011" classname="add_flextable_separators" name="Separator_successfully_applies_padding"/>
    <testcase time="0.00299999999999989" classname="add_flextable_separators" name="Separator_successfully_applies_padding"/>
    <testcase time="0.002" classname="add_flextable_separators" name="Separator_successfully_applies_padding"/>
    <testcase time="0.028" classname="add_flextable_separators" name="Separator_NA_results_in_no_changes"/>
    <testcase time="0.00300000000000011" classname="add_flextable_separators" name="Separator_NA_results_in_no_changes"/>
  </testsuite>
  <testsuite name="as_flextable" timestamp="2025-09-17T06:22:13Z" hostname="4faf68ef9251" tests="27" skipped="0" failures="0" errors="0" time="9.562">
    <testcase time="1.037" classname="as_flextable" name="Can_create_flextable_object_that_works_with_different_styles"/>
    <testcase time="0.391" classname="as_flextable" name="Can_create_flextable_object_that_works_with_different_styles"/>
    <testcase time="0.443" classname="as_flextable" name="Can_create_flextable_object_that_works_with_different_styles"/>
    <testcase time="0.449" classname="as_flextable" name="Can_create_flextable_object_that_works_with_different_styles"/>
    <testcase time="0.956" classname="as_flextable" name="Can_create_flextable_object_that_works_with_different_styles"/>
    <testcase time="0.00300000000000011" classname="as_flextable" name="Can_create_flextable_object_that_works_with_different_styles"/>
    <testcase time="0.00299999999999923" classname="as_flextable" name="Can_create_flextable_object_that_works_with_different_styles"/>
    <testcase time="0.762" classname="as_flextable" name="tt_to_flextable_does_not_create_different_cells_when_colcounts_or_multiple_on_different_lines"/>
    <testcase time="0.556" classname="as_flextable" name="check_titles_bold_and_html_theme"/>
    <testcase time="0.322" classname="as_flextable" name="check_titles_bold_and_html_theme"/>
    <testcase time="0.325" classname="as_flextable" name="check_titles_bold_and_html_theme"/>
    <testcase time="1.567" classname="as_flextable" name="check_pagination"/>
    <testcase time="0.00300000000000011" classname="as_flextable" name="check_pagination"/>
    <testcase time="0.532" classname="as_flextable" name="check_colwidths_in_flextable_object"/>
    <testcase time="0.963000000000001" classname="as_flextable" name="tt_to_flextable_works_with_rlistings_objects"/>
    <testcase time="0.00399999999999956" classname="as_flextable" name="tt_to_flextable_works_with_rlistings_objects"/>
    <testcase time="0.00499999999999901" classname="as_flextable" name="tt_to_flextable_works_with_rlistings_objects"/>
    <testcase time="0.993" classname="as_flextable" name="tt_to_flextable_handles_basic_rlistings_object_correctly"/>
    <testcase time="0.00200000000000067" classname="as_flextable" name="tt_to_flextable_handles_basic_rlistings_object_correctly"/>
    <testcase time="0.00300000000000011" classname="as_flextable" name="tt_to_flextable_handles_basic_rlistings_object_correctly"/>
    <testcase time="0.00300000000000011" classname="as_flextable" name="tt_to_flextable_handles_basic_rlistings_object_correctly"/>
    <testcase time="0.00399999999999956" classname="as_flextable" name="tt_to_flextable_handles_basic_rlistings_object_correctly"/>
    <testcase time="0.00300000000000011" classname="as_flextable" name="tt_to_flextable_handles_basic_rlistings_object_correctly"/>
    <testcase time="0.000999999999999446" classname="as_flextable" name="tt_to_flextable_handles_basic_rlistings_object_correctly"/>
    <testcase time="0.227" classname="as_flextable" name="tt_to_flextable_handles_rlistings_with_active_separators"/>
    <testcase time="0.000999999999999446" classname="as_flextable" name="tt_to_flextable_handles_rlistings_with_active_separators"/>
    <testcase time="0.00400000000000134" classname="as_flextable" name="tt_to_flextable_handles_rlistings_with_active_separators"/>
  </testsuite>
  <testsuite name="export_as_docx" timestamp="2025-09-17T06:22:23Z" hostname="4faf68ef9251" tests="13" skipped="0" failures="0" errors="0" time="5.485">
    <testcase time="1.949" classname="export_as_docx" name="export_as_docx_works_thanks_to_tt_to_flextable"/>
    <testcase time="0.488" classname="export_as_docx" name="export_as_docx_works_thanks_to_tt_to_flextable"/>
    <testcase time="1.155" classname="export_as_docx" name="export_as_docx_works_thanks_to_tt_to_flextable"/>
    <testcase time="0.00300000000000011" classname="export_as_docx" name="export_as_docx_works_thanks_to_tt_to_flextable"/>
    <testcase time="0.34" classname="export_as_docx" name="export_as_docx_produces_a_warning_if_manual_column_widths_are_used"/>
    <testcase time="1.515" classname="export_as_docx" name="export_as_docx_works_thanks_to_tt_to_flextable"/>
    <testcase time="0.00999999999999801" classname="export_as_docx" name="Getting_correct_template_file"/>
    <testcase time="0.00400000000000134" classname="export_as_docx" name="Getting_correct_template_file"/>
    <testcase time="0.00399999999999778" classname="export_as_docx" name="Getting_correct_template_file"/>
    <testcase time="0.00300000000000011" classname="export_as_docx" name="Getting_correct_template_file"/>
    <testcase time="0.00500000000000256" classname="export_as_docx" name="Getting_correct_template_file"/>
    <testcase time="0.00499999999999901" classname="export_as_docx" name="Getting_correct_template_file"/>
    <testcase time="0.00400000000000134" classname="export_as_docx" name="Getting_correct_template_file"/>
  </testsuite>
  <testsuite name="pagination" timestamp="2025-09-17T06:22:28Z" hostname="4faf68ef9251" tests="22" skipped="0" failures="0" errors="0" time="3.138">
    <testcase time="0.070999999999998" classname="pagination" name="export_as_docx_handles_list_generated_by_tt_to_flextable_paginate_TRUE_"/>
    <testcase time="0.446999999999999" classname="pagination" name="export_as_docx_handles_list_generated_by_tt_to_flextable_paginate_TRUE_"/>
    <testcase time="0.00400000000000134" classname="pagination" name="export_as_docx_handles_list_generated_by_tt_to_flextable_paginate_TRUE_"/>
    <testcase time="0.00300000000000011" classname="pagination" name="export_as_docx_handles_list_generated_by_tt_to_flextable_paginate_TRUE_"/>
    <testcase time="0.00300000000000011" classname="pagination" name="export_as_docx_handles_list_generated_by_tt_to_flextable_paginate_TRUE_"/>
    <testcase time="0.137999999999998" classname="pagination" name="export_as_docx_handles_list_generated_by_tt_to_flextable_paginate_TRUE_"/>
    <testcase time="0.362000000000002" classname="pagination" name="export_as_docx_handles_list_generated_by_tt_to_flextable_paginate_TRUE_"/>
    <testcase time="0.00300000000000011" classname="pagination" name="export_as_docx_handles_list_generated_by_tt_to_flextable_paginate_TRUE_"/>
    <testcase time="0.00100000000000122" classname="pagination" name="export_as_docx_handles_list_generated_by_tt_to_flextable_paginate_TRUE_"/>
    <testcase time="0.803999999999998" classname="pagination" name="export_as_docx_works_with_explicit_list_of_rlistings_rtables_objects"/>
    <testcase time="0.00300000000000011" classname="pagination" name="export_as_docx_works_with_explicit_list_of_rlistings_rtables_objects"/>
    <testcase time="0.00100000000000122" classname="pagination" name="export_as_docx_works_with_explicit_list_of_rlistings_rtables_objects"/>
    <testcase time="0.766999999999999" classname="pagination" name="export_as_docx_works_with_pagination_via_lpp_cpp_arguments"/>
    <testcase time="0.00300000000000011" classname="pagination" name="export_as_docx_works_with_pagination_via_lpp_cpp_arguments"/>
    <testcase time="0.00100000000000122" classname="pagination" name="export_as_docx_works_with_pagination_via_lpp_cpp_arguments"/>
    <testcase time="0.273" classname="pagination" name="export_as_docx_works_with_column_widths_and_autofit_settings"/>
    <testcase time="0.00100000000000122" classname="pagination" name="export_as_docx_works_with_column_widths_and_autofit_settings"/>
    <testcase time="0.00300000000000011" classname="pagination" name="export_as_docx_works_with_column_widths_and_autofit_settings"/>
    <testcase time="0.00199999999999889" classname="pagination" name="export_as_docx_works_with_column_widths_and_autofit_settings"/>
    <testcase time="0.244" classname="pagination" name="export_as_docx_works_with_column_widths_and_autofit_settings"/>
    <testcase time="0.00300000000000011" classname="pagination" name="export_as_docx_works_with_column_widths_and_autofit_settings"/>
    <testcase time="0.00100000000000122" classname="pagination" name="export_as_docx_works_with_column_widths_and_autofit_settings"/>
  </testsuite>
</testsuites>
