<?xml version="1.0" encoding="UTF-8"?>
<testsuites>
  <testsuite name="add_flextable_separators" timestamp="2025-09-11T03:34:12Z" hostname="bab6874fc536" tests="16" skipped="0" failures="0" errors="0" time="0.203">
    <testcase time="0.054" classname="add_flextable_separators" name="Errors_are_thrown_for_invalid_inputs_and_values"/>
    <testcase time="0.0229999999999999" classname="add_flextable_separators" name="Errors_are_thrown_for_invalid_inputs_and_values"/>
    <testcase time="0.0190000000000001" classname="add_flextable_separators" name="Errors_are_thrown_for_invalid_inputs_and_values"/>
    <testcase time="0.00499999999999989" classname="add_flextable_separators" name="Errors_are_thrown_for_invalid_inputs_and_values"/>
    <testcase time="0.0290000000000001" classname="add_flextable_separators" name="Separator_successfully_applies_hline"/>
    <testcase time="0.00099999999999989" classname="add_flextable_separators" name="Separator_successfully_applies_hline"/>
    <testcase time="0.004" classname="add_flextable_separators" name="Separator_successfully_applies_hline"/>
    <testcase time="0.002" classname="add_flextable_separators" name="Separator_successfully_applies_hline"/>
    <testcase time="0.00300000000000011" classname="add_flextable_separators" name="Separator_successfully_applies_hline"/>
    <testcase time="0.024" classname="add_flextable_separators" name="Separator_successfully_applies_padding"/>
    <testcase time="0.00099999999999989" classname="add_flextable_separators" name="Separator_successfully_applies_padding"/>
    <testcase time="0.00300000000000011" classname="add_flextable_separators" name="Separator_successfully_applies_padding"/>
    <testcase time="0.00299999999999989" classname="add_flextable_separators" name="Separator_successfully_applies_padding"/>
    <testcase time="0.002" classname="add_flextable_separators" name="Separator_successfully_applies_padding"/>
    <testcase time="0.0269999999999999" classname="add_flextable_separators" name="Separator_NA_results_in_no_changes"/>
    <testcase time="0.00300000000000011" classname="add_flextable_separators" name="Separator_NA_results_in_no_changes"/>
  </testsuite>
  <testsuite name="as_flextable" timestamp="2025-09-11T03:34:12Z" hostname="bab6874fc536" tests="27" skipped="0" failures="0" errors="0" time="9.165">
    <testcase time="1.012" classname="as_flextable" name="Can_create_flextable_object_that_works_with_different_styles"/>
    <testcase time="0.375" classname="as_flextable" name="Can_create_flextable_object_that_works_with_different_styles"/>
    <testcase time="0.426" classname="as_flextable" name="Can_create_flextable_object_that_works_with_different_styles"/>
    <testcase time="0.432" classname="as_flextable" name="Can_create_flextable_object_that_works_with_different_styles"/>
    <testcase time="0.916" classname="as_flextable" name="Can_create_flextable_object_that_works_with_different_styles"/>
    <testcase time="0.00299999999999923" classname="as_flextable" name="Can_create_flextable_object_that_works_with_different_styles"/>
    <testcase time="0.00300000000000011" classname="as_flextable" name="Can_create_flextable_object_that_works_with_different_styles"/>
    <testcase time="0.731" classname="as_flextable" name="tt_to_flextable_does_not_create_different_cells_when_colcounts_or_multiple_on_different_lines"/>
    <testcase time="0.526000000000001" classname="as_flextable" name="check_titles_bold_and_html_theme"/>
    <testcase time="0.305" classname="as_flextable" name="check_titles_bold_and_html_theme"/>
    <testcase time="0.305" classname="as_flextable" name="check_titles_bold_and_html_theme"/>
    <testcase time="1.512" classname="as_flextable" name="check_pagination"/>
    <testcase time="0.00300000000000011" classname="as_flextable" name="check_pagination"/>
    <testcase time="0.512" classname="as_flextable" name="check_colwidths_in_flextable_object"/>
    <testcase time="0.923" classname="as_flextable" name="tt_to_flextable_works_with_rlistings_objects"/>
    <testcase time="0.00300000000000011" classname="as_flextable" name="tt_to_flextable_works_with_rlistings_objects"/>
    <testcase time="0.00499999999999901" classname="as_flextable" name="tt_to_flextable_works_with_rlistings_objects"/>
    <testcase time="0.942" classname="as_flextable" name="tt_to_flextable_handles_basic_rlistings_object_correctly"/>
    <testcase time="0.000999999999999446" classname="as_flextable" name="tt_to_flextable_handles_basic_rlistings_object_correctly"/>
    <testcase time="0.00300000000000011" classname="as_flextable" name="tt_to_flextable_handles_basic_rlistings_object_correctly"/>
    <testcase time="0.00300000000000011" classname="as_flextable" name="tt_to_flextable_handles_basic_rlistings_object_correctly"/>
    <testcase time="0.00300000000000011" classname="as_flextable" name="tt_to_flextable_handles_basic_rlistings_object_correctly"/>
    <testcase time="0.00300000000000011" classname="as_flextable" name="tt_to_flextable_handles_basic_rlistings_object_correctly"/>
    <testcase time="0.000999999999999446" classname="as_flextable" name="tt_to_flextable_handles_basic_rlistings_object_correctly"/>
    <testcase time="0.212000000000002" classname="as_flextable" name="tt_to_flextable_handles_rlistings_with_active_separators"/>
    <testcase time="0.00199999999999889" classname="as_flextable" name="tt_to_flextable_handles_rlistings_with_active_separators"/>
    <testcase time="0.00300000000000011" classname="as_flextable" name="tt_to_flextable_handles_rlistings_with_active_separators"/>
  </testsuite>
  <testsuite name="export_as_docx" timestamp="2025-09-11T03:34:22Z" hostname="bab6874fc536" tests="13" skipped="0" failures="0" errors="0" time="5.19">
    <testcase time="1.831" classname="export_as_docx" name="export_as_docx_works_thanks_to_tt_to_flextable"/>
    <testcase time="0.463000000000001" classname="export_as_docx" name="export_as_docx_works_thanks_to_tt_to_flextable"/>
    <testcase time="1.119" classname="export_as_docx" name="export_as_docx_works_thanks_to_tt_to_flextable"/>
    <testcase time="0.00300000000000011" classname="export_as_docx" name="export_as_docx_works_thanks_to_tt_to_flextable"/>
    <testcase time="0.324999999999999" classname="export_as_docx" name="export_as_docx_produces_a_warning_if_manual_column_widths_are_used"/>
    <testcase time="1.415" classname="export_as_docx" name="export_as_docx_works_thanks_to_tt_to_flextable"/>
    <testcase time="0.00900000000000034" classname="export_as_docx" name="Getting_correct_template_file"/>
    <testcase time="0.00399999999999956" classname="export_as_docx" name="Getting_correct_template_file"/>
    <testcase time="0.00300000000000011" classname="export_as_docx" name="Getting_correct_template_file"/>
    <testcase time="0.00399999999999956" classname="export_as_docx" name="Getting_correct_template_file"/>
    <testcase time="0.00500000000000078" classname="export_as_docx" name="Getting_correct_template_file"/>
    <testcase time="0.00499999999999901" classname="export_as_docx" name="Getting_correct_template_file"/>
    <testcase time="0.00399999999999956" classname="export_as_docx" name="Getting_correct_template_file"/>
  </testsuite>
  <testsuite name="pagination" timestamp="2025-09-11T03:34:27Z" hostname="bab6874fc536" tests="22" skipped="0" failures="0" errors="0" time="2.995">
    <testcase time="0.0680000000000014" classname="pagination" name="export_as_docx_handles_list_generated_by_tt_to_flextable_paginate_TRUE_"/>
    <testcase time="0.401" classname="pagination" name="export_as_docx_handles_list_generated_by_tt_to_flextable_paginate_TRUE_"/>
    <testcase time="0.00300000000000011" classname="pagination" name="export_as_docx_handles_list_generated_by_tt_to_flextable_paginate_TRUE_"/>
    <testcase time="0.00300000000000011" classname="pagination" name="export_as_docx_handles_list_generated_by_tt_to_flextable_paginate_TRUE_"/>
    <testcase time="0.00300000000000011" classname="pagination" name="export_as_docx_handles_list_generated_by_tt_to_flextable_paginate_TRUE_"/>
    <testcase time="0.123999999999999" classname="pagination" name="export_as_docx_handles_list_generated_by_tt_to_flextable_paginate_TRUE_"/>
    <testcase time="0.34" classname="pagination" name="export_as_docx_handles_list_generated_by_tt_to_flextable_paginate_TRUE_"/>
    <testcase time="0.00300000000000011" classname="pagination" name="export_as_docx_handles_list_generated_by_tt_to_flextable_paginate_TRUE_"/>
    <testcase time="0.00100000000000122" classname="pagination" name="export_as_docx_handles_list_generated_by_tt_to_flextable_paginate_TRUE_"/>
    <testcase time="0.777000000000001" classname="pagination" name="export_as_docx_works_with_explicit_list_of_rlistings_rtables_objects"/>
    <testcase time="0.00299999999999656" classname="pagination" name="export_as_docx_works_with_explicit_list_of_rlistings_rtables_objects"/>
    <testcase time="0.00100000000000122" classname="pagination" name="export_as_docx_works_with_explicit_list_of_rlistings_rtables_objects"/>
    <testcase time="0.751999999999999" classname="pagination" name="export_as_docx_works_with_pagination_via_lpp_cpp_arguments"/>
    <testcase time="0.00300000000000011" classname="pagination" name="export_as_docx_works_with_pagination_via_lpp_cpp_arguments"/>
    <testcase time="0.00100000000000122" classname="pagination" name="export_as_docx_works_with_pagination_via_lpp_cpp_arguments"/>
    <testcase time="0.263999999999999" classname="pagination" name="export_as_docx_works_with_column_widths_and_autofit_settings"/>
    <testcase time="0.00200000000000244" classname="pagination" name="export_as_docx_works_with_column_widths_and_autofit_settings"/>
    <testcase time="0.00300000000000011" classname="pagination" name="export_as_docx_works_with_column_widths_and_autofit_settings"/>
    <testcase time="0.000999999999997669" classname="pagination" name="export_as_docx_works_with_column_widths_and_autofit_settings"/>
    <testcase time="0.237000000000002" classname="pagination" name="export_as_docx_works_with_column_widths_and_autofit_settings"/>
    <testcase time="0.00300000000000011" classname="pagination" name="export_as_docx_works_with_column_widths_and_autofit_settings"/>
    <testcase time="0.00199999999999889" classname="pagination" name="export_as_docx_works_with_column_widths_and_autofit_settings"/>
  </testsuite>
</testsuites>
