<?xml version="1.0" encoding="UTF-8"?>
<testsuites>
  <testsuite name="as_flextable" timestamp="2025-01-14T13:09:28Z" hostname="e8201372be4d" tests="14" skipped="0" failures="0" errors="0" time="7.207">
    <testcase time="1.123" classname="as_flextable" name="Can_create_flextable_object_that_works_with_different_styles"/>
    <testcase time="0.388" classname="as_flextable" name="Can_create_flextable_object_that_works_with_different_styles"/>
    <testcase time="0.42" classname="as_flextable" name="Can_create_flextable_object_that_works_with_different_styles"/>
    <testcase time="0.423" classname="as_flextable" name="Can_create_flextable_object_that_works_with_different_styles"/>
    <testcase time="0.92" classname="as_flextable" name="Can_create_flextable_object_that_works_with_different_styles"/>
    <testcase time="0.00199999999999978" classname="as_flextable" name="Can_create_flextable_object_that_works_with_different_styles"/>
    <testcase time="0.00300000000000011" classname="as_flextable" name="Can_create_flextable_object_that_works_with_different_styles"/>
    <testcase time="0.729" classname="as_flextable" name="tt_to_flextable_does_not_create_different_cells_when_colcounts_or_multiple_on_different_lines"/>
    <testcase time="0.525" classname="as_flextable" name="check_titles_bold_and_html_theme"/>
    <testcase time="0.298999999999999" classname="as_flextable" name="check_titles_bold_and_html_theme"/>
    <testcase time="0.306" classname="as_flextable" name="check_titles_bold_and_html_theme"/>
    <testcase time="1.505" classname="as_flextable" name="check_pagination"/>
    <testcase time="0.00300000000000011" classname="as_flextable" name="check_pagination"/>
    <testcase time="0.561" classname="as_flextable" name="check_colwidths_in_flextable_object"/>
  </testsuite>
  <testsuite name="export_as_docx" timestamp="2025-01-14T13:09:35Z" hostname="e8201372be4d" tests="5" skipped="0" failures="0" errors="0" time="2.972">
    <testcase time="1.708" classname="export_as_docx" name="export_as_docx_works_thanks_to_tt_to_flextable"/>
    <testcase time="0.226000000000001" classname="export_as_docx" name="export_as_docx_works_thanks_to_tt_to_flextable"/>
    <testcase time="0.741999999999999" classname="export_as_docx" name="export_as_docx_works_thanks_to_tt_to_flextable"/>
    <testcase time="0.00300000000000011" classname="export_as_docx" name="export_as_docx_works_thanks_to_tt_to_flextable"/>
    <testcase time="0.292999999999999" classname="export_as_docx" name="export_as_docx_produces_a_warning_if_manual_column_widths_are_used"/>
  </testsuite>
</testsuites>
