<?xml version="1.0" encoding="UTF-8"?>
<testsuites>
  <testsuite name="as_flextable" timestamp="2025-01-17T12:06:52Z" hostname="4dba4f3aee90" tests="14" skipped="0" failures="0" errors="0" time="7.163">
    <testcase time="1.115" classname="as_flextable" name="Can_create_flextable_object_that_works_with_different_styles"/>
    <testcase time="0.391" classname="as_flextable" name="Can_create_flextable_object_that_works_with_different_styles"/>
    <testcase time="0.431" classname="as_flextable" name="Can_create_flextable_object_that_works_with_different_styles"/>
    <testcase time="0.424" classname="as_flextable" name="Can_create_flextable_object_that_works_with_different_styles"/>
    <testcase time="0.917" classname="as_flextable" name="Can_create_flextable_object_that_works_with_different_styles"/>
    <testcase time="0.00300000000000011" classname="as_flextable" name="Can_create_flextable_object_that_works_with_different_styles"/>
    <testcase time="0.00299999999999923" classname="as_flextable" name="Can_create_flextable_object_that_works_with_different_styles"/>
    <testcase time="0.719" classname="as_flextable" name="tt_to_flextable_does_not_create_different_cells_when_colcounts_or_multiple_on_different_lines"/>
    <testcase time="0.52" classname="as_flextable" name="check_titles_bold_and_html_theme"/>
    <testcase time="0.298999999999999" classname="as_flextable" name="check_titles_bold_and_html_theme"/>
    <testcase time="0.305000000000001" classname="as_flextable" name="check_titles_bold_and_html_theme"/>
    <testcase time="1.484" classname="as_flextable" name="check_pagination"/>
    <testcase time="0.00299999999999923" classname="as_flextable" name="check_pagination"/>
    <testcase time="0.549" classname="as_flextable" name="check_colwidths_in_flextable_object"/>
  </testsuite>
  <testsuite name="export_as_docx" timestamp="2025-01-17T12:06:59Z" hostname="4dba4f3aee90" tests="5" skipped="0" failures="0" errors="0" time="2.97">
    <testcase time="1.706" classname="export_as_docx" name="export_as_docx_works_thanks_to_tt_to_flextable"/>
    <testcase time="0.224" classname="export_as_docx" name="export_as_docx_works_thanks_to_tt_to_flextable"/>
    <testcase time="0.747" classname="export_as_docx" name="export_as_docx_works_thanks_to_tt_to_flextable"/>
    <testcase time="0.00300000000000011" classname="export_as_docx" name="export_as_docx_works_thanks_to_tt_to_flextable"/>
    <testcase time="0.290000000000001" classname="export_as_docx" name="export_as_docx_produces_a_warning_if_manual_column_widths_are_used"/>
  </testsuite>
</testsuites>
