<?xml version="1.0" encoding="UTF-8"?>
<testsuites>
  <testsuite name="Exporting to txt, pdf, rtf, and docx" timestamp="2024-11-14T17:39:48Z" hostname="b75ac231ebef" tests="8" skipped="0" failures="0" errors="0" time="3.759">
    <testcase time="0.626" classname="Exporting_to_txt_pdf_rtf_and_docx" name="export_as_txt_works_with_and_without_pagination"/>
    <testcase time="0.166" classname="Exporting_to_txt_pdf_rtf_and_docx" name="export_as_txt_works_with_and_without_pagination"/>
    <testcase time="0.0779999999999998" classname="Exporting_to_txt_pdf_rtf_and_docx" name="path_enriched_df_works_for_tables_with_a_column_that_has_all_length_1_elements"/>
    <testcase time="1.648" classname="Exporting_to_txt_pdf_rtf_and_docx" name="export_as_doc_works_thanks_to_tt_to_flextable"/>
    <testcase time="0.218" classname="Exporting_to_txt_pdf_rtf_and_docx" name="export_as_doc_works_thanks_to_tt_to_flextable"/>
    <testcase time="0.741" classname="Exporting_to_txt_pdf_rtf_and_docx" name="export_as_doc_works_thanks_to_tt_to_flextable"/>
    <testcase time="0.00600000000000023" classname="Exporting_to_txt_pdf_rtf_and_docx" name="export_as_doc_works_thanks_to_tt_to_flextable"/>
    <testcase time="0.276" classname="Exporting_to_txt_pdf_rtf_and_docx" name="export_as_doc_produces_a_warning_if_manual_column_widths_are_used"/>
  </testsuite>
  <testsuite name="tt_as_flextable" timestamp="2024-11-14T17:39:52Z" hostname="b75ac231ebef" tests="12" skipped="1" failures="0" errors="0" time="4.927">
    <testcase time="1.128" classname="tt_as_flextable" name="Can_create_flextable_object_that_works_with_different_styles"/>
    <testcase time="0.423" classname="tt_as_flextable" name="Can_create_flextable_object_that_works_with_different_styles"/>
    <testcase time="0.418" classname="tt_as_flextable" name="Can_create_flextable_object_that_works_with_different_styles"/>
    <testcase time="0.888" classname="tt_as_flextable" name="Can_create_flextable_object_that_works_with_different_styles"/>
    <testcase time="0.00199999999999978" classname="tt_as_flextable" name="Can_create_flextable_object_that_works_with_different_styles"/>
    <testcase time="0.00100000000000033" classname="tt_as_flextable" name="Can_create_flextable_object_that_works_with_different_styles"/>
    <testcase time="0.00499999999999989" classname="tt_as_flextable" name="Can_create_flextable_object_that_works_with_different_styles"/>
    <testcase time="0.797" classname="tt_as_flextable" name="tt_to_flextable_does_not_create_different_cells_when_colcounts_or_multiple_on_different_lines"/>
    <testcase time="0.497" classname="tt_as_flextable" name="check_titles_bold_and_html_theme"/>
    <testcase time="0.281000000000001" classname="tt_as_flextable" name="check_titles_bold_and_html_theme"/>
    <testcase time="0.279" classname="tt_as_flextable" name="check_titles_bold_and_html_theme"/>
    <testcase time="0.208" classname="tt_as_flextable" name="check_pagination">
      <skipped message="Reason: empty test ('test-tt_as_flextable.R:117:1')"/>
    </testcase>
  </testsuite>
</testsuites>
