<?xml version="1.0" encoding="UTF-8"?>
<testsuites>
  <testsuite name="as_flextable" timestamp="2025-01-10T06:36:06Z" hostname="9dbdf7d457ec" tests="14" skipped="0" failures="0" errors="0" time="7.426">
    <testcase time="1.16" classname="as_flextable" name="Can_create_flextable_object_that_works_with_different_styles"/>
    <testcase time="0.4" classname="as_flextable" name="Can_create_flextable_object_that_works_with_different_styles"/>
    <testcase time="0.434" classname="as_flextable" name="Can_create_flextable_object_that_works_with_different_styles"/>
    <testcase time="0.436" classname="as_flextable" name="Can_create_flextable_object_that_works_with_different_styles"/>
    <testcase time="0.951000000000001" classname="as_flextable" name="Can_create_flextable_object_that_works_with_different_styles"/>
    <testcase time="0.00299999999999923" classname="as_flextable" name="Can_create_flextable_object_that_works_with_different_styles"/>
    <testcase time="0.00300000000000011" classname="as_flextable" name="Can_create_flextable_object_that_works_with_different_styles"/>
    <testcase time="0.756" classname="as_flextable" name="tt_to_flextable_does_not_create_different_cells_when_colcounts_or_multiple_on_different_lines"/>
    <testcase time="0.537" classname="as_flextable" name="check_titles_bold_and_html_theme"/>
    <testcase time="0.308" classname="as_flextable" name="check_titles_bold_and_html_theme"/>
    <testcase time="0.313000000000001" classname="as_flextable" name="check_titles_bold_and_html_theme"/>
    <testcase time="1.548" classname="as_flextable" name="check_pagination"/>
    <testcase time="0.00300000000000011" classname="as_flextable" name="check_pagination"/>
    <testcase time="0.574" classname="as_flextable" name="check_colwidths_in_flextable_object"/>
  </testsuite>
  <testsuite name="export_as_docx" timestamp="2025-01-10T06:36:14Z" hostname="9dbdf7d457ec" tests="5" skipped="0" failures="0" errors="0" time="3.048">
    <testcase time="1.749" classname="export_as_docx" name="export_as_docx_works_thanks_to_tt_to_flextable"/>
    <testcase time="0.231" classname="export_as_docx" name="export_as_docx_works_thanks_to_tt_to_flextable"/>
    <testcase time="0.763" classname="export_as_docx" name="export_as_docx_works_thanks_to_tt_to_flextable"/>
    <testcase time="0.00300000000000011" classname="export_as_docx" name="export_as_docx_works_thanks_to_tt_to_flextable"/>
    <testcase time="0.302" classname="export_as_docx" name="export_as_docx_produces_a_warning_if_manual_column_widths_are_used"/>
  </testsuite>
</testsuites>
