<?xml version="1.0" encoding="UTF-8"?>
<testsuites>
  <testsuite name="Exporting to txt, pdf, rtf, and docx" timestamp="2024-11-01T05:32:22Z" hostname="e6ce08f99e3c" tests="9" skipped="0" failures="0" errors="6" time="1.19">
    <testcase time="0.641" classname="Exporting_to_txt_pdf_rtf_and_docx" name="export_as_txt_works_with_and_without_pagination"/>
    <testcase time="0.165" classname="Exporting_to_txt_pdf_rtf_and_docx" name="export_as_txt_works_with_and_without_pagination"/>
    <testcase time="0.018" classname="Exporting_to_txt_pdf_rtf_and_docx" name="export_as_txt_works_with_wrapping">
      <error type="error" message="Error in `eval(code, test_env)`: object 'tt_for_wrap' not found ('test-exporters.R:30:3')">Error in `eval(code, test_env)`: object 'tt_for_wrap' not found
Backtrace:
    ▆
 1. └─formatters::export_as_txt(...) at test-exporters.R:30:3
 2.   └─formatters:::.is_list_of_tables_or_listings(x)
 3.     └─methods::is(a_list, "list")</error>
    </testcase>
    <testcase time="0.034" classname="Exporting_to_txt_pdf_rtf_and_docx" name="tsv_roundtripping_for_path_enriched_df">
      <error type="error" message="Error in `tt_to_export()`: could not find function &quot;tt_to_export&quot; ('test-exporters.R:124:3')">Error in `tt_to_export()`: could not find function "tt_to_export"</error>
    </testcase>
    <testcase time="0.0269999999999999" classname="Exporting_to_txt_pdf_rtf_and_docx" name="export_as_pdf_works">
      <error type="error" message="Error in `tt_to_export()`: could not find function &quot;tt_to_export&quot; ('test-exporters.R:145:3')">Error in `tt_to_export()`: could not find function "tt_to_export"</error>
    </testcase>
    <testcase time="0.014" classname="Exporting_to_txt_pdf_rtf_and_docx" name="exporting_pdf_does_the_inset">
      <error type="error" message="Error in `tt_to_export()`: could not find function &quot;tt_to_export&quot; ('test-exporters.R:205:3')">Error in `tt_to_export()`: could not find function "tt_to_export"</error>
    </testcase>
    <testcase time="0.0840000000000001" classname="Exporting_to_txt_pdf_rtf_and_docx" name="path_enriched_df_works_for_tables_with_a_column_that_has_all_length_1_elements"/>
    <testcase time="0.00800000000000001" classname="Exporting_to_txt_pdf_rtf_and_docx" name="export_as_rtf_works">
      <error type="error" message="Error in `tt_to_export()`: could not find function &quot;tt_to_export&quot; ('test-exporters.R:224:3')">Error in `tt_to_export()`: could not find function "tt_to_export"</error>
    </testcase>
    <testcase time="0.199" classname="Exporting_to_txt_pdf_rtf_and_docx" name="export_as_doc_works_thanks_to_tt_to_flextable">
      <error type="error" message="Error in `make_big_lyt()`: could not find function &quot;make_big_lyt&quot; ('test-exporters.R:240:3')">Error in `make_big_lyt()`: could not find function "make_big_lyt"</error>
    </testcase>
  </testsuite>
  <testsuite name="tt_as_flextable" timestamp="2024-11-01T05:32:23Z" hostname="e6ce08f99e3c" tests="13" skipped="0" failures="0" errors="0" time="5.967">
    <testcase time="0.857" classname="tt_as_flextable" name="Can_create_flextable_object_that_works_with_different_styles"/>
    <testcase time="0.386" classname="tt_as_flextable" name="Can_create_flextable_object_that_works_with_different_styles"/>
    <testcase time="0.436" classname="tt_as_flextable" name="Can_create_flextable_object_that_works_with_different_styles"/>
    <testcase time="0.418" classname="tt_as_flextable" name="Can_create_flextable_object_that_works_with_different_styles"/>
    <testcase time="0.894000000000001" classname="tt_as_flextable" name="Can_create_flextable_object_that_works_with_different_styles"/>
    <testcase time="0.00199999999999978" classname="tt_as_flextable" name="Can_create_flextable_object_that_works_with_different_styles"/>
    <testcase time="0.000999999999999446" classname="tt_as_flextable" name="Can_create_flextable_object_that_works_with_different_styles"/>
    <testcase time="0.00500000000000078" classname="tt_as_flextable" name="Can_create_flextable_object_that_works_with_different_styles"/>
    <testcase time="0.715999999999999" classname="tt_as_flextable" name="tt_to_flextable_does_not_create_different_cells_when_colcounts_or_multiple_on_different_lines"/>
    <testcase time="0.521" classname="tt_as_flextable" name="check_titles_bold_and_html_theme"/>
    <testcase time="0.386" classname="tt_as_flextable" name="check_titles_bold_and_html_theme"/>
    <testcase time="0.284000000000001" classname="tt_as_flextable" name="check_titles_bold_and_html_theme"/>
    <testcase time="1.061" classname="tt_as_flextable" name="check_pagination"/>
  </testsuite>
</testsuites>
