<?xml version="1.0" encoding="UTF-8"?>
<testsuites>
  <testsuite name="Exporting to txt, pdf, rtf, and docx" timestamp="2024-11-18T01:20:49Z" hostname="521631f0648d" tests="8" skipped="0" failures="0" errors="0" time="3.827">
    <testcase time="0.649" classname="Exporting_to_txt_pdf_rtf_and_docx" name="export_as_txt_works_with_and_without_pagination"/>
    <testcase time="0.166" classname="Exporting_to_txt_pdf_rtf_and_docx" name="export_as_txt_works_with_and_without_pagination"/>
    <testcase time="0.0790000000000002" classname="Exporting_to_txt_pdf_rtf_and_docx" name="path_enriched_df_works_for_tables_with_a_column_that_has_all_length_1_elements"/>
    <testcase time="1.673" classname="Exporting_to_txt_pdf_rtf_and_docx" name="export_as_doc_works_thanks_to_tt_to_flextable"/>
    <testcase time="0.222" classname="Exporting_to_txt_pdf_rtf_and_docx" name="export_as_doc_works_thanks_to_tt_to_flextable"/>
    <testcase time="0.75" classname="Exporting_to_txt_pdf_rtf_and_docx" name="export_as_doc_works_thanks_to_tt_to_flextable"/>
    <testcase time="0.00600000000000023" classname="Exporting_to_txt_pdf_rtf_and_docx" name="export_as_doc_works_thanks_to_tt_to_flextable"/>
    <testcase time="0.282" classname="Exporting_to_txt_pdf_rtf_and_docx" name="export_as_doc_produces_a_warning_if_manual_column_widths_are_used"/>
  </testsuite>
  <testsuite name="tt_as_flextable" timestamp="2024-11-18T01:20:53Z" hostname="521631f0648d" tests="12" skipped="1" failures="0" errors="0" time="5.025">
    <testcase time="1.157" classname="tt_as_flextable" name="Can_create_flextable_object_that_works_with_different_styles"/>
    <testcase time="0.433" classname="tt_as_flextable" name="Can_create_flextable_object_that_works_with_different_styles"/>
    <testcase time="0.432" classname="tt_as_flextable" name="Can_create_flextable_object_that_works_with_different_styles"/>
    <testcase time="0.907999999999999" classname="tt_as_flextable" name="Can_create_flextable_object_that_works_with_different_styles"/>
    <testcase time="0.00100000000000033" classname="tt_as_flextable" name="Can_create_flextable_object_that_works_with_different_styles"/>
    <testcase time="0.00199999999999978" classname="tt_as_flextable" name="Can_create_flextable_object_that_works_with_different_styles"/>
    <testcase time="0.00400000000000045" classname="tt_as_flextable" name="Can_create_flextable_object_that_works_with_different_styles"/>
    <testcase time="0.818" classname="tt_as_flextable" name="tt_to_flextable_does_not_create_different_cells_when_colcounts_or_multiple_on_different_lines"/>
    <testcase time="0.491" classname="tt_as_flextable" name="check_titles_bold_and_html_theme"/>
    <testcase time="0.280000000000001" classname="tt_as_flextable" name="check_titles_bold_and_html_theme"/>
    <testcase time="0.286" classname="tt_as_flextable" name="check_titles_bold_and_html_theme"/>
    <testcase time="0.212999999999999" classname="tt_as_flextable" name="check_pagination">
      <skipped message="Reason: empty test ('test-tt_as_flextable.R:117:1')"/>
    </testcase>
  </testsuite>
</testsuites>
