<?xml version="1.0" encoding="UTF-8"?>
<testsuites>
  <testsuite name="as_flextable" timestamp="2025-01-14T14:22:29Z" hostname="683b9b68f0db" tests="14" skipped="0" failures="0" errors="0" time="7.068">
    <testcase time="1.105" classname="as_flextable" name="Can_create_flextable_object_that_works_with_different_styles"/>
    <testcase time="0.383" classname="as_flextable" name="Can_create_flextable_object_that_works_with_different_styles"/>
    <testcase time="0.412" classname="as_flextable" name="Can_create_flextable_object_that_works_with_different_styles"/>
    <testcase time="0.414" classname="as_flextable" name="Can_create_flextable_object_that_works_with_different_styles"/>
    <testcase time="0.899" classname="as_flextable" name="Can_create_flextable_object_that_works_with_different_styles"/>
    <testcase time="0.00300000000000011" classname="as_flextable" name="Can_create_flextable_object_that_works_with_different_styles"/>
    <testcase time="0.00300000000000011" classname="as_flextable" name="Can_create_flextable_object_that_works_with_different_styles"/>
    <testcase time="0.706" classname="as_flextable" name="tt_to_flextable_does_not_create_different_cells_when_colcounts_or_multiple_on_different_lines"/>
    <testcase time="0.51" classname="as_flextable" name="check_titles_bold_and_html_theme"/>
    <testcase time="0.293" classname="as_flextable" name="check_titles_bold_and_html_theme"/>
    <testcase time="0.298" classname="as_flextable" name="check_titles_bold_and_html_theme"/>
    <testcase time="1.486" classname="as_flextable" name="check_pagination"/>
    <testcase time="0.00300000000000011" classname="as_flextable" name="check_pagination"/>
    <testcase time="0.553" classname="as_flextable" name="check_colwidths_in_flextable_object"/>
  </testsuite>
  <testsuite name="export_as_docx" timestamp="2025-01-14T14:22:36Z" hostname="683b9b68f0db" tests="5" skipped="0" failures="0" errors="0" time="3.028">
    <testcase time="1.732" classname="export_as_docx" name="export_as_docx_works_thanks_to_tt_to_flextable"/>
    <testcase time="0.228" classname="export_as_docx" name="export_as_docx_works_thanks_to_tt_to_flextable"/>
    <testcase time="0.763" classname="export_as_docx" name="export_as_docx_works_thanks_to_tt_to_flextable"/>
    <testcase time="0.00300000000000011" classname="export_as_docx" name="export_as_docx_works_thanks_to_tt_to_flextable"/>
    <testcase time="0.302" classname="export_as_docx" name="export_as_docx_produces_a_warning_if_manual_column_widths_are_used"/>
  </testsuite>
</testsuites>
