<?xml version="1.0" encoding="UTF-8"?>
<testsuites>
  <testsuite name="as_flextable" timestamp="2024-11-25T15:20:20Z" hostname="b72b9754022a" tests="14" skipped="0" failures="0" errors="0" time="9.288">
    <testcase time="1.378" classname="as_flextable" name="Can_create_flextable_object_that_works_with_different_styles"/>
    <testcase time="0.473" classname="as_flextable" name="Can_create_flextable_object_that_works_with_different_styles"/>
    <testcase time="0.546" classname="as_flextable" name="Can_create_flextable_object_that_works_with_different_styles"/>
    <testcase time="0.54" classname="as_flextable" name="Can_create_flextable_object_that_works_with_different_styles"/>
    <testcase time="1.196" classname="as_flextable" name="Can_create_flextable_object_that_works_with_different_styles"/>
    <testcase time="0.00700000000000056" classname="as_flextable" name="Can_create_flextable_object_that_works_with_different_styles"/>
    <testcase time="0.00300000000000011" classname="as_flextable" name="Can_create_flextable_object_that_works_with_different_styles"/>
    <testcase time="0.946" classname="as_flextable" name="tt_to_flextable_does_not_create_different_cells_when_colcounts_or_multiple_on_different_lines"/>
    <testcase time="0.667" classname="as_flextable" name="check_titles_bold_and_html_theme"/>
    <testcase time="0.393" classname="as_flextable" name="check_titles_bold_and_html_theme"/>
    <testcase time="0.417000000000001" classname="as_flextable" name="check_titles_bold_and_html_theme"/>
    <testcase time="1.994" classname="as_flextable" name="check_pagination"/>
    <testcase time="0.00200000000000067" classname="as_flextable" name="check_pagination"/>
    <testcase time="0.726000000000001" classname="as_flextable" name="check_colwidths_in_flextable_object"/>
  </testsuite>
  <testsuite name="export_as_docx" timestamp="2024-11-25T15:20:29Z" hostname="b72b9754022a" tests="5" skipped="0" failures="0" errors="0" time="3.788">
    <testcase time="2.163" classname="export_as_docx" name="export_as_docx_works_thanks_to_tt_to_flextable"/>
    <testcase time="0.276999999999999" classname="export_as_docx" name="export_as_docx_works_thanks_to_tt_to_flextable"/>
    <testcase time="0.975999999999999" classname="export_as_docx" name="export_as_docx_works_thanks_to_tt_to_flextable"/>
    <testcase time="0.00400000000000134" classname="export_as_docx" name="export_as_docx_works_thanks_to_tt_to_flextable"/>
    <testcase time="0.368" classname="export_as_docx" name="export_as_docx_produces_a_warning_if_manual_column_widths_are_used"/>
  </testsuite>
</testsuites>
