<?xml version="1.0" encoding="UTF-8"?>
<testsuites>
  <testsuite name="as_flextable" timestamp="2024-11-22T14:48:33Z" hostname="5065d3629b09" tests="14" skipped="0" failures="0" errors="0" time="7.356">
    <testcase time="1.132" classname="as_flextable" name="Can_create_flextable_object_that_works_with_different_styles"/>
    <testcase time="0.402" classname="as_flextable" name="Can_create_flextable_object_that_works_with_different_styles"/>
    <testcase time="0.434" classname="as_flextable" name="Can_create_flextable_object_that_works_with_different_styles"/>
    <testcase time="0.433" classname="as_flextable" name="Can_create_flextable_object_that_works_with_different_styles"/>
    <testcase time="0.929" classname="as_flextable" name="Can_create_flextable_object_that_works_with_different_styles"/>
    <testcase time="0.00499999999999989" classname="as_flextable" name="Can_create_flextable_object_that_works_with_different_styles"/>
    <testcase time="0.00199999999999978" classname="as_flextable" name="Can_create_flextable_object_that_works_with_different_styles"/>
    <testcase time="0.766" classname="as_flextable" name="tt_to_flextable_does_not_create_different_cells_when_colcounts_or_multiple_on_different_lines"/>
    <testcase time="0.534000000000001" classname="as_flextable" name="check_titles_bold_and_html_theme"/>
    <testcase time="0.305" classname="as_flextable" name="check_titles_bold_and_html_theme"/>
    <testcase time="0.305" classname="as_flextable" name="check_titles_bold_and_html_theme"/>
    <testcase time="1.551" classname="as_flextable" name="check_pagination"/>
    <testcase time="0.00199999999999978" classname="as_flextable" name="check_pagination"/>
    <testcase time="0.556" classname="as_flextable" name="check_colwidths_in_flextable_object"/>
  </testsuite>
  <testsuite name="export_as_docx" timestamp="2024-11-22T14:48:40Z" hostname="5065d3629b09" tests="5" skipped="0" failures="0" errors="0" time="3.051">
    <testcase time="1.757" classname="export_as_docx" name="export_as_docx_works_thanks_to_tt_to_flextable"/>
    <testcase time="0.229000000000001" classname="export_as_docx" name="export_as_docx_works_thanks_to_tt_to_flextable"/>
    <testcase time="0.763" classname="export_as_docx" name="export_as_docx_works_thanks_to_tt_to_flextable"/>
    <testcase time="0.00199999999999889" classname="export_as_docx" name="export_as_docx_works_thanks_to_tt_to_flextable"/>
    <testcase time="0.300000000000001" classname="export_as_docx" name="export_as_docx_produces_a_warning_if_manual_column_widths_are_used"/>
  </testsuite>
</testsuites>
