<?xml version="1.0" encoding="UTF-8"?>
<testsuites>
  <testsuite name="add_flextable_separators" timestamp="2025-04-17T09:09:44Z" hostname="2af881eb5092" tests="16" skipped="0" failures="0" errors="0" time="0.206">
    <testcase time="0.0610000000000002" classname="add_flextable_separators" name="Errors_are_thrown_for_invalid_inputs_and_values"/>
    <testcase time="0.018" classname="add_flextable_separators" name="Errors_are_thrown_for_invalid_inputs_and_values"/>
    <testcase time="0.0109999999999999" classname="add_flextable_separators" name="Errors_are_thrown_for_invalid_inputs_and_values"/>
    <testcase time="0.00600000000000001" classname="add_flextable_separators" name="Errors_are_thrown_for_invalid_inputs_and_values"/>
    <testcase time="0.0309999999999999" classname="add_flextable_separators" name="Separator_successfully_applies_hline"/>
    <testcase time="0.002" classname="add_flextable_separators" name="Separator_successfully_applies_hline"/>
    <testcase time="0.00300000000000011" classname="add_flextable_separators" name="Separator_successfully_applies_hline"/>
    <testcase time="0.00299999999999989" classname="add_flextable_separators" name="Separator_successfully_applies_hline"/>
    <testcase time="0.002" classname="add_flextable_separators" name="Separator_successfully_applies_hline"/>
    <testcase time="0.0310000000000001" classname="add_flextable_separators" name="Separator_successfully_applies_padding"/>
    <testcase time="0.00099999999999989" classname="add_flextable_separators" name="Separator_successfully_applies_padding"/>
    <testcase time="0.00300000000000011" classname="add_flextable_separators" name="Separator_successfully_applies_padding"/>
    <testcase time="0.00299999999999989" classname="add_flextable_separators" name="Separator_successfully_applies_padding"/>
    <testcase time="0.002" classname="add_flextable_separators" name="Separator_successfully_applies_padding"/>
    <testcase time="0.026" classname="add_flextable_separators" name="Separator_NA_results_in_no_changes"/>
    <testcase time="0.00300000000000011" classname="add_flextable_separators" name="Separator_NA_results_in_no_changes"/>
  </testsuite>
  <testsuite name="as_flextable" timestamp="2025-04-17T09:09:45Z" hostname="2af881eb5092" tests="27" skipped="0" failures="0" errors="0" time="9.504">
    <testcase time="1.052" classname="as_flextable" name="Can_create_flextable_object_that_works_with_different_styles"/>
    <testcase time="0.392" classname="as_flextable" name="Can_create_flextable_object_that_works_with_different_styles"/>
    <testcase time="0.44" classname="as_flextable" name="Can_create_flextable_object_that_works_with_different_styles"/>
    <testcase time="0.46" classname="as_flextable" name="Can_create_flextable_object_that_works_with_different_styles"/>
    <testcase time="0.962" classname="as_flextable" name="Can_create_flextable_object_that_works_with_different_styles"/>
    <testcase time="0.00300000000000011" classname="as_flextable" name="Can_create_flextable_object_that_works_with_different_styles"/>
    <testcase time="0.00299999999999923" classname="as_flextable" name="Can_create_flextable_object_that_works_with_different_styles"/>
    <testcase time="0.773000000000001" classname="as_flextable" name="tt_to_flextable_does_not_create_different_cells_when_colcounts_or_multiple_on_different_lines"/>
    <testcase time="0.545" classname="as_flextable" name="check_titles_bold_and_html_theme"/>
    <testcase time="0.322" classname="as_flextable" name="check_titles_bold_and_html_theme"/>
    <testcase time="0.405" classname="as_flextable" name="check_titles_bold_and_html_theme"/>
    <testcase time="1.434" classname="as_flextable" name="check_pagination"/>
    <testcase time="0.00300000000000011" classname="as_flextable" name="check_pagination"/>
    <testcase time="0.529" classname="as_flextable" name="check_colwidths_in_flextable_object"/>
    <testcase time="0.950000000000001" classname="as_flextable" name="tt_to_flextable_works_with_rlistings_objects"/>
    <testcase time="0.00300000000000011" classname="as_flextable" name="tt_to_flextable_works_with_rlistings_objects"/>
    <testcase time="0.00499999999999901" classname="as_flextable" name="tt_to_flextable_works_with_rlistings_objects"/>
    <testcase time="0.970000000000001" classname="as_flextable" name="tt_to_flextable_handles_basic_rlistings_object_correctly"/>
    <testcase time="0.000999999999999446" classname="as_flextable" name="tt_to_flextable_handles_basic_rlistings_object_correctly"/>
    <testcase time="0.00300000000000011" classname="as_flextable" name="tt_to_flextable_handles_basic_rlistings_object_correctly"/>
    <testcase time="0.00300000000000011" classname="as_flextable" name="tt_to_flextable_handles_basic_rlistings_object_correctly"/>
    <testcase time="0.00300000000000011" classname="as_flextable" name="tt_to_flextable_handles_basic_rlistings_object_correctly"/>
    <testcase time="0.00199999999999889" classname="as_flextable" name="tt_to_flextable_handles_basic_rlistings_object_correctly"/>
    <testcase time="0.00200000000000067" classname="as_flextable" name="tt_to_flextable_handles_basic_rlistings_object_correctly"/>
    <testcase time="0.234999999999999" classname="as_flextable" name="tt_to_flextable_handles_rlistings_with_active_separators"/>
    <testcase time="0.00100000000000122" classname="as_flextable" name="tt_to_flextable_handles_rlistings_with_active_separators"/>
    <testcase time="0.00300000000000011" classname="as_flextable" name="tt_to_flextable_handles_rlistings_with_active_separators"/>
  </testsuite>
  <testsuite name="export_as_docx" timestamp="2025-04-17T09:09:54Z" hostname="2af881eb5092" tests="6" skipped="0" failures="0" errors="0" time="4.415">
    <testcase time="1.794" classname="export_as_docx" name="export_as_docx_works_thanks_to_tt_to_flextable"/>
    <testcase time="0.25" classname="export_as_docx" name="export_as_docx_works_thanks_to_tt_to_flextable"/>
    <testcase time="0.823" classname="export_as_docx" name="export_as_docx_works_thanks_to_tt_to_flextable"/>
    <testcase time="0.00300000000000011" classname="export_as_docx" name="export_as_docx_works_thanks_to_tt_to_flextable"/>
    <testcase time="0.298999999999999" classname="export_as_docx" name="export_as_docx_produces_a_warning_if_manual_column_widths_are_used"/>
    <testcase time="1.246" classname="export_as_docx" name="export_as_docx_works_thanks_to_tt_to_flextable"/>
  </testsuite>
  <testsuite name="pagination" timestamp="2025-04-17T09:09:58Z" hostname="2af881eb5092" tests="22" skipped="0" failures="0" errors="0" time="2.833">
    <testcase time="0.072000000000001" classname="pagination" name="export_as_docx_handles_list_generated_by_tt_to_flextable_paginate_TRUE_"/>
    <testcase time="0.429" classname="pagination" name="export_as_docx_handles_list_generated_by_tt_to_flextable_paginate_TRUE_"/>
    <testcase time="0.00399999999999956" classname="pagination" name="export_as_docx_handles_list_generated_by_tt_to_flextable_paginate_TRUE_"/>
    <testcase time="0.00300000000000011" classname="pagination" name="export_as_docx_handles_list_generated_by_tt_to_flextable_paginate_TRUE_"/>
    <testcase time="0.00300000000000011" classname="pagination" name="export_as_docx_handles_list_generated_by_tt_to_flextable_paginate_TRUE_"/>
    <testcase time="0.133999999999999" classname="pagination" name="export_as_docx_handles_list_generated_by_tt_to_flextable_paginate_TRUE_"/>
    <testcase time="0.292" classname="pagination" name="export_as_docx_handles_list_generated_by_tt_to_flextable_paginate_TRUE_"/>
    <testcase time="0.00300000000000011" classname="pagination" name="export_as_docx_handles_list_generated_by_tt_to_flextable_paginate_TRUE_"/>
    <testcase time="0.00100000000000122" classname="pagination" name="export_as_docx_handles_list_generated_by_tt_to_flextable_paginate_TRUE_"/>
    <testcase time="0.696999999999999" classname="pagination" name="export_as_docx_works_with_explicit_list_of_rlistings_rtables_objects"/>
    <testcase time="0.00300000000000011" classname="pagination" name="export_as_docx_works_with_explicit_list_of_rlistings_rtables_objects"/>
    <testcase time="0.00100000000000122" classname="pagination" name="export_as_docx_works_with_explicit_list_of_rlistings_rtables_objects"/>
    <testcase time="0.721" classname="pagination" name="export_as_docx_works_with_pagination_via_lpp_cpp_arguments"/>
    <testcase time="0.00300000000000011" classname="pagination" name="export_as_docx_works_with_pagination_via_lpp_cpp_arguments"/>
    <testcase time="0.00100000000000122" classname="pagination" name="export_as_docx_works_with_pagination_via_lpp_cpp_arguments"/>
    <testcase time="0.244" classname="pagination" name="export_as_docx_works_with_column_widths_and_autofit_settings"/>
    <testcase time="0.00100000000000122" classname="pagination" name="export_as_docx_works_with_column_widths_and_autofit_settings"/>
    <testcase time="0.00300000000000011" classname="pagination" name="export_as_docx_works_with_column_widths_and_autofit_settings"/>
    <testcase time="0.000999999999997669" classname="pagination" name="export_as_docx_works_with_column_widths_and_autofit_settings"/>
    <testcase time="0.213000000000001" classname="pagination" name="export_as_docx_works_with_column_widths_and_autofit_settings"/>
    <testcase time="0.00300000000000011" classname="pagination" name="export_as_docx_works_with_column_widths_and_autofit_settings"/>
    <testcase time="0.00100000000000122" classname="pagination" name="export_as_docx_works_with_column_widths_and_autofit_settings"/>
  </testsuite>
</testsuites>
